<?xml version="1.0" encoding="UTF-8"?>
<testsuite xmlns:xsi="http://www.w3.org/2001/XMLSchema-instance" xsi:noNamespaceSchemaLocation="https://maven.apache.org/surefire/maven-surefire-plugin/xsd/surefire-test-report.xsd" version="3.0.2" name="com.demo.config.SecurityConfigTest" time="3.388" tests="3" errors="0" skipped="0" failures="0">
  <properties>
    <property name="java.specification.version" value="17"/>
    <property name="sun.jnu.encoding" value="UTF-8"/>
    <property name="java.class.path" value="/Users/thegodfatherjunior/Documents/GitHub/MoneyManager/target/test-classes:/Users/thegodfatherjunior/Documents/GitHub/MoneyManager/target/classes:/Users/thegodfatherjunior/.m2/repository/org/springframework/boot/spring-boot-starter-data-jpa/3.4.5/spring-boot-starter-data-jpa-3.4.5.jar:/Users/thegodfatherjunior/.m2/repository/org/springframework/boot/spring-boot-starter/3.4.4/spring-boot-starter-3.4.4.jar:/Users/thegodfatherjunior/.m2/repository/org/springframework/boot/spring-boot/3.4.4/spring-boot-3.4.4.jar:/Users/thegodfatherjunior/.m2/repository/org/springframework/boot/spring-boot-autoconfigure/3.4.4/spring-boot-autoconfigure-3.4.4.jar:/Users/thegodfatherjunior/.m2/repository/org/springframework/boot/spring-boot-starter-logging/3.4.4/spring-boot-starter-logging-3.4.4.jar:/Users/thegodfatherjunior/.m2/repository/ch/qos/logback/logback-classic/1.5.18/logback-classic-1.5.18.jar:/Users/thegodfatherjunior/.m2/repository/ch/qos/logback/logback-core/1.5.18/logback-core-1.5.18.jar:/Users/thegodfatherjunior/.m2/repository/org/apache/logging/log4j/log4j-to-slf4j/2.24.3/log4j-to-slf4j-2.24.3.jar:/Users/thegodfatherjunior/.m2/repository/org/apache/logging/log4j/log4j-api/2.24.3/log4j-api-2.24.3.jar:/Users/thegodfatherjunior/.m2/repository/org/slf4j/jul-to-slf4j/2.0.17/jul-to-slf4j-2.0.17.jar:/Users/thegodfatherjunior/.m2/repository/jakarta/annotation/jakarta.annotation-api/2.1.1/jakarta.annotation-api-2.1.1.jar:/Users/thegodfatherjunior/.m2/repository/org/yaml/snakeyaml/2.3/snakeyaml-2.3.jar:/Users/thegodfatherjunior/.m2/repository/org/springframework/boot/spring-boot-starter-jdbc/3.4.4/spring-boot-starter-jdbc-3.4.4.jar:/Users/thegodfatherjunior/.m2/repository/com/zaxxer/HikariCP/5.1.0/HikariCP-5.1.0.jar:/Users/thegodfatherjunior/.m2/repository/org/springframework/spring-jdbc/6.2.5/spring-jdbc-6.2.5.jar:/Users/thegodfatherjunior/.m2/repository/org/hibernate/orm/hibernate-core/6.6.11.Final/hibernate-core-6.6.11.Final.jar:/Users/thegodfatherjunior/.m2/repository/jakarta/persistence/jakarta.persistence-api/3.1.0/jakarta.persistence-api-3.1.0.jar:/Users/thegodfatherjunior/.m2/repository/jakarta/transaction/jakarta.transaction-api/2.0.1/jakarta.transaction-api-2.0.1.jar:/Users/thegodfatherjunior/.m2/repository/org/jboss/logging/jboss-logging/3.6.1.Final/jboss-logging-3.6.1.Final.jar:/Users/thegodfatherjunior/.m2/repository/org/hibernate/common/hibernate-commons-annotations/7.0.3.Final/hibernate-commons-annotations-7.0.3.Final.jar:/Users/thegodfatherjunior/.m2/repository/io/smallrye/jandex/3.2.0/jandex-3.2.0.jar:/Users/thegodfatherjunior/.m2/repository/com/fasterxml/classmate/1.7.0/classmate-1.7.0.jar:/Users/thegodfatherjunior/.m2/repository/net/bytebuddy/byte-buddy/1.15.11/byte-buddy-1.15.11.jar:/Users/thegodfatherjunior/.m2/repository/org/glassfish/jaxb/jaxb-runtime/4.0.5/jaxb-runtime-4.0.5.jar:/Users/thegodfatherjunior/.m2/repository/org/glassfish/jaxb/jaxb-core/4.0.5/jaxb-core-4.0.5.jar:/Users/thegodfatherjunior/.m2/repository/org/eclipse/angus/angus-activation/2.0.2/angus-activation-2.0.2.jar:/Users/thegodfatherjunior/.m2/repository/org/glassfish/jaxb/txw2/4.0.5/txw2-4.0.5.jar:/Users/thegodfatherjunior/.m2/repository/com/sun/istack/istack-commons-runtime/4.1.2/istack-commons-runtime-4.1.2.jar:/Users/thegodfatherjunior/.m2/repository/jakarta/inject/jakarta.inject-api/2.0.1/jakarta.inject-api-2.0.1.jar:/Users/thegodfatherjunior/.m2/repository/org/antlr/antlr4-runtime/4.13.0/antlr4-runtime-4.13.0.jar:/Users/thegodfatherjunior/.m2/repository/org/springframework/data/spring-data-jpa/3.4.4/spring-data-jpa-3.4.4.jar:/Users/thegodfatherjunior/.m2/repository/org/springframework/data/spring-data-commons/3.4.4/spring-data-commons-3.4.4.jar:/Users/thegodfatherjunior/.m2/repository/org/springframework/spring-orm/6.2.5/spring-orm-6.2.5.jar:/Users/thegodfatherjunior/.m2/repository/org/springframework/spring-context/6.2.5/spring-context-6.2.5.jar:/Users/thegodfatherjunior/.m2/repository/org/springframework/spring-tx/6.2.5/spring-tx-6.2.5.jar:/Users/thegodfatherjunior/.m2/repository/org/springframework/spring-beans/6.2.5/spring-beans-6.2.5.jar:/Users/thegodfatherjunior/.m2/repository/org/slf4j/slf4j-api/2.0.17/slf4j-api-2.0.17.jar:/Users/thegodfatherjunior/.m2/repository/org/springframework/spring-aspects/6.2.5/spring-aspects-6.2.5.jar:/Users/thegodfatherjunior/.m2/repository/org/aspectj/aspectjweaver/1.9.23/aspectjweaver-1.9.23.jar:/Users/thegodfatherjunior/.m2/repository/org/springframework/boot/spring-boot-starter-web/3.4.4/spring-boot-starter-web-3.4.4.jar:/Users/thegodfatherjunior/.m2/repository/org/springframework/boot/spring-boot-starter-json/3.4.4/spring-boot-starter-json-3.4.4.jar:/Users/thegodfatherjunior/.m2/repository/com/fasterxml/jackson/datatype/jackson-datatype-jdk8/2.18.3/jackson-datatype-jdk8-2.18.3.jar:/Users/thegodfatherjunior/.m2/repository/com/fasterxml/jackson/datatype/jackson-datatype-jsr310/2.18.3/jackson-datatype-jsr310-2.18.3.jar:/Users/thegodfatherjunior/.m2/repository/com/fasterxml/jackson/module/jackson-module-parameter-names/2.18.3/jackson-module-parameter-names-2.18.3.jar:/Users/thegodfatherjunior/.m2/repository/org/springframework/boot/spring-boot-starter-tomcat/3.4.4/spring-boot-starter-tomcat-3.4.4.jar:/Users/thegodfatherjunior/.m2/repository/org/apache/tomcat/embed/tomcat-embed-core/10.1.39/tomcat-embed-core-10.1.39.jar:/Users/thegodfatherjunior/.m2/repository/org/apache/tomcat/embed/tomcat-embed-el/10.1.39/tomcat-embed-el-10.1.39.jar:/Users/thegodfatherjunior/.m2/repository/org/apache/tomcat/embed/tomcat-embed-websocket/10.1.39/tomcat-embed-websocket-10.1.39.jar:/Users/thegodfatherjunior/.m2/repository/org/springframework/spring-web/6.2.5/spring-web-6.2.5.jar:/Users/thegodfatherjunior/.m2/repository/org/springframework/spring-webmvc/6.2.5/spring-webmvc-6.2.5.jar:/Users/thegodfatherjunior/.m2/repository/org/springframework/spring-expression/6.2.5/spring-expression-6.2.5.jar:/Users/thegodfatherjunior/.m2/repository/org/postgresql/postgresql/42.7.5/postgresql-42.7.5.jar:/Users/thegodfatherjunior/.m2/repository/org/checkerframework/checker-qual/3.48.3/checker-qual-3.48.3.jar:/Users/thegodfatherjunior/.m2/repository/com/h2database/h2/2.3.232/h2-2.3.232.jar:/Users/thegodfatherjunior/.m2/repository/org/projectlombok/lombok/1.18.36/lombok-1.18.36.jar:/Users/thegodfatherjunior/.m2/repository/org/springframework/boot/spring-boot-starter-test/3.4.4/spring-boot-starter-test-3.4.4.jar:/Users/thegodfatherjunior/.m2/repository/org/springframework/boot/spring-boot-test/3.4.4/spring-boot-test-3.4.4.jar:/Users/thegodfatherjunior/.m2/repository/org/springframework/boot/spring-boot-test-autoconfigure/3.4.4/spring-boot-test-autoconfigure-3.4.4.jar:/Users/thegodfatherjunior/.m2/repository/com/jayway/jsonpath/json-path/2.9.0/json-path-2.9.0.jar:/Users/thegodfatherjunior/.m2/repository/jakarta/xml/bind/jakarta.xml.bind-api/4.0.2/jakarta.xml.bind-api-4.0.2.jar:/Users/thegodfatherjunior/.m2/repository/jakarta/activation/jakarta.activation-api/2.1.3/jakarta.activation-api-2.1.3.jar:/Users/thegodfatherjunior/.m2/repository/net/minidev/json-smart/2.5.2/json-smart-2.5.2.jar:/Users/thegodfatherjunior/.m2/repository/net/minidev/accessors-smart/2.5.2/accessors-smart-2.5.2.jar:/Users/thegodfatherjunior/.m2/repository/org/ow2/asm/asm/9.7.1/asm-9.7.1.jar:/Users/thegodfatherjunior/.m2/repository/org/assertj/assertj-core/3.26.3/assertj-core-3.26.3.jar:/Users/thegodfatherjunior/.m2/repository/org/awaitility/awaitility/4.2.2/awaitility-4.2.2.jar:/Users/thegodfatherjunior/.m2/repository/org/hamcrest/hamcrest/2.2/hamcrest-2.2.jar:/Users/thegodfatherjunior/.m2/repository/org/junit/jupiter/junit-jupiter/5.11.4/junit-jupiter-5.11.4.jar:/Users/thegodfatherjunior/.m2/repository/org/junit/jupiter/junit-jupiter-api/5.11.4/junit-jupiter-api-5.11.4.jar:/Users/thegodfatherjunior/.m2/repository/org/opentest4j/opentest4j/1.3.0/opentest4j-1.3.0.jar:/Users/thegodfatherjunior/.m2/repository/org/junit/platform/junit-platform-commons/1.11.4/junit-platform-commons-1.11.4.jar:/Users/thegodfatherjunior/.m2/repository/org/apiguardian/apiguardian-api/1.1.2/apiguardian-api-1.1.2.jar:/Users/thegodfatherjunior/.m2/repository/org/junit/jupiter/junit-jupiter-params/5.11.4/junit-jupiter-params-5.11.4.jar:/Users/thegodfatherjunior/.m2/repository/org/junit/jupiter/junit-jupiter-engine/5.11.4/junit-jupiter-engine-5.11.4.jar:/Users/thegodfatherjunior/.m2/repository/org/junit/platform/junit-platform-engine/1.11.4/junit-platform-engine-1.11.4.jar:/Users/thegodfatherjunior/.m2/repository/org/mockito/mockito-core/5.14.2/mockito-core-5.14.2.jar:/Users/thegodfatherjunior/.m2/repository/net/bytebuddy/byte-buddy-agent/1.15.11/byte-buddy-agent-1.15.11.jar:/Users/thegodfatherjunior/.m2/repository/org/objenesis/objenesis/3.3/objenesis-3.3.jar:/Users/thegodfatherjunior/.m2/repository/org/mockito/mockito-junit-jupiter/5.14.2/mockito-junit-jupiter-5.14.2.jar:/Users/thegodfatherjunior/.m2/repository/org/skyscreamer/jsonassert/1.5.3/jsonassert-1.5.3.jar:/Users/thegodfatherjunior/.m2/repository/com/vaadin/external/google/android-json/0.0.20131108.vaadin1/android-json-0.0.20131108.vaadin1.jar:/Users/thegodfatherjunior/.m2/repository/org/springframework/spring-core/6.2.5/spring-core-6.2.5.jar:/Users/thegodfatherjunior/.m2/repository/org/springframework/spring-jcl/6.2.5/spring-jcl-6.2.5.jar:/Users/thegodfatherjunior/.m2/repository/org/springframework/spring-test/6.2.5/spring-test-6.2.5.jar:/Users/thegodfatherjunior/.m2/repository/org/xmlunit/xmlunit-core/2.10.0/xmlunit-core-2.10.0.jar:/Users/thegodfatherjunior/.m2/repository/com/auth0/java-jwt/4.4.0/java-jwt-4.4.0.jar:/Users/thegodfatherjunior/.m2/repository/com/fasterxml/jackson/core/jackson-databind/2.18.3/jackson-databind-2.18.3.jar:/Users/thegodfatherjunior/.m2/repository/com/fasterxml/jackson/core/jackson-annotations/2.18.3/jackson-annotations-2.18.3.jar:/Users/thegodfatherjunior/.m2/repository/com/fasterxml/jackson/core/jackson-core/2.18.3/jackson-core-2.18.3.jar:/Users/thegodfatherjunior/.m2/repository/org/springframework/boot/spring-boot-starter-actuator/3.4.4/spring-boot-starter-actuator-3.4.4.jar:/Users/thegodfatherjunior/.m2/repository/org/springframework/boot/spring-boot-actuator-autoconfigure/3.4.4/spring-boot-actuator-autoconfigure-3.4.4.jar:/Users/thegodfatherjunior/.m2/repository/org/springframework/boot/spring-boot-actuator/3.4.4/spring-boot-actuator-3.4.4.jar:/Users/thegodfatherjunior/.m2/repository/io/micrometer/micrometer-observation/1.14.5/micrometer-observation-1.14.5.jar:/Users/thegodfatherjunior/.m2/repository/io/micrometer/micrometer-commons/1.14.5/micrometer-commons-1.14.5.jar:/Users/thegodfatherjunior/.m2/repository/io/micrometer/micrometer-jakarta9/1.14.5/micrometer-jakarta9-1.14.5.jar:/Users/thegodfatherjunior/.m2/repository/io/micrometer/micrometer-core/1.14.5/micrometer-core-1.14.5.jar:/Users/thegodfatherjunior/.m2/repository/org/hdrhistogram/HdrHistogram/2.2.2/HdrHistogram-2.2.2.jar:/Users/thegodfatherjunior/.m2/repository/org/latencyutils/LatencyUtils/2.0.3/LatencyUtils-2.0.3.jar:/Users/thegodfatherjunior/.m2/repository/org/springframework/security/spring-security-test/6.4.4/spring-security-test-6.4.4.jar:/Users/thegodfatherjunior/.m2/repository/org/springframework/security/spring-security-core/6.4.4/spring-security-core-6.4.4.jar:/Users/thegodfatherjunior/.m2/repository/org/springframework/security/spring-security-crypto/6.4.4/spring-security-crypto-6.4.4.jar:/Users/thegodfatherjunior/.m2/repository/org/springframework/security/spring-security-web/6.4.4/spring-security-web-6.4.4.jar:/Users/thegodfatherjunior/.m2/repository/org/springframework/boot/spring-boot-starter-security/3.4.4/spring-boot-starter-security-3.4.4.jar:/Users/thegodfatherjunior/.m2/repository/org/springframework/spring-aop/6.2.5/spring-aop-6.2.5.jar:/Users/thegodfatherjunior/.m2/repository/org/springframework/security/spring-security-config/6.4.4/spring-security-config-6.4.4.jar:"/>
    <property name="java.vm.vendor" value="Amazon.com Inc."/>
    <property name="sun.arch.data.model" value="64"/>
    <property name="java.vendor.url" value="https://aws.amazon.com/corretto/"/>
    <property name="user.timezone" value="America/Sao_Paulo"/>
    <property name="org.jboss.logging.provider" value="slf4j"/>
    <property name="os.name" value="Mac OS X"/>
    <property name="java.vm.specification.version" value="17"/>
    <property name="APPLICATION_NAME" value="money-manager"/>
    <property name="sun.java.launcher" value="SUN_STANDARD"/>
    <property name="user.country" value="BR"/>
    <property name="sun.boot.library.path" value="/Users/thegodfatherjunior/Library/Java/JavaVirtualMachines/corretto-17.0.14/Contents/Home/lib"/>
    <property name="sun.java.command" value="/Users/thegodfatherjunior/Documents/GitHub/MoneyManager/target/surefire/surefirebooter-20250507105453753_3.jar /Users/thegodfatherjunior/Documents/GitHub/MoneyManager/target/surefire 2025-05-07T10-54-53_704-jvmRun1 surefire-20250507105453753_1tmp surefire_0-20250507105453753_2tmp"/>
    <property name="http.nonProxyHosts" value="local|*.local|169.254/16|*.169.254/16"/>
    <property name="jdk.debug" value="release"/>
    <property name="surefire.test.class.path" value="/Users/thegodfatherjunior/Documents/GitHub/MoneyManager/target/test-classes:/Users/thegodfatherjunior/Documents/GitHub/MoneyManager/target/classes:/Users/thegodfatherjunior/.m2/repository/org/springframework/boot/spring-boot-starter-data-jpa/3.4.5/spring-boot-starter-data-jpa-3.4.5.jar:/Users/thegodfatherjunior/.m2/repository/org/springframework/boot/spring-boot-starter/3.4.4/spring-boot-starter-3.4.4.jar:/Users/thegodfatherjunior/.m2/repository/org/springframework/boot/spring-boot/3.4.4/spring-boot-3.4.4.jar:/Users/thegodfatherjunior/.m2/repository/org/springframework/boot/spring-boot-autoconfigure/3.4.4/spring-boot-autoconfigure-3.4.4.jar:/Users/thegodfatherjunior/.m2/repository/org/springframework/boot/spring-boot-starter-logging/3.4.4/spring-boot-starter-logging-3.4.4.jar:/Users/thegodfatherjunior/.m2/repository/ch/qos/logback/logback-classic/1.5.18/logback-classic-1.5.18.jar:/Users/thegodfatherjunior/.m2/repository/ch/qos/logback/logback-core/1.5.18/logback-core-1.5.18.jar:/Users/thegodfatherjunior/.m2/repository/org/apache/logging/log4j/log4j-to-slf4j/2.24.3/log4j-to-slf4j-2.24.3.jar:/Users/thegodfatherjunior/.m2/repository/org/apache/logging/log4j/log4j-api/2.24.3/log4j-api-2.24.3.jar:/Users/thegodfatherjunior/.m2/repository/org/slf4j/jul-to-slf4j/2.0.17/jul-to-slf4j-2.0.17.jar:/Users/thegodfatherjunior/.m2/repository/jakarta/annotation/jakarta.annotation-api/2.1.1/jakarta.annotation-api-2.1.1.jar:/Users/thegodfatherjunior/.m2/repository/org/yaml/snakeyaml/2.3/snakeyaml-2.3.jar:/Users/thegodfatherjunior/.m2/repository/org/springframework/boot/spring-boot-starter-jdbc/3.4.4/spring-boot-starter-jdbc-3.4.4.jar:/Users/thegodfatherjunior/.m2/repository/com/zaxxer/HikariCP/5.1.0/HikariCP-5.1.0.jar:/Users/thegodfatherjunior/.m2/repository/org/springframework/spring-jdbc/6.2.5/spring-jdbc-6.2.5.jar:/Users/thegodfatherjunior/.m2/repository/org/hibernate/orm/hibernate-core/6.6.11.Final/hibernate-core-6.6.11.Final.jar:/Users/thegodfatherjunior/.m2/repository/jakarta/persistence/jakarta.persistence-api/3.1.0/jakarta.persistence-api-3.1.0.jar:/Users/thegodfatherjunior/.m2/repository/jakarta/transaction/jakarta.transaction-api/2.0.1/jakarta.transaction-api-2.0.1.jar:/Users/thegodfatherjunior/.m2/repository/org/jboss/logging/jboss-logging/3.6.1.Final/jboss-logging-3.6.1.Final.jar:/Users/thegodfatherjunior/.m2/repository/org/hibernate/common/hibernate-commons-annotations/7.0.3.Final/hibernate-commons-annotations-7.0.3.Final.jar:/Users/thegodfatherjunior/.m2/repository/io/smallrye/jandex/3.2.0/jandex-3.2.0.jar:/Users/thegodfatherjunior/.m2/repository/com/fasterxml/classmate/1.7.0/classmate-1.7.0.jar:/Users/thegodfatherjunior/.m2/repository/net/bytebuddy/byte-buddy/1.15.11/byte-buddy-1.15.11.jar:/Users/thegodfatherjunior/.m2/repository/org/glassfish/jaxb/jaxb-runtime/4.0.5/jaxb-runtime-4.0.5.jar:/Users/thegodfatherjunior/.m2/repository/org/glassfish/jaxb/jaxb-core/4.0.5/jaxb-core-4.0.5.jar:/Users/thegodfatherjunior/.m2/repository/org/eclipse/angus/angus-activation/2.0.2/angus-activation-2.0.2.jar:/Users/thegodfatherjunior/.m2/repository/org/glassfish/jaxb/txw2/4.0.5/txw2-4.0.5.jar:/Users/thegodfatherjunior/.m2/repository/com/sun/istack/istack-commons-runtime/4.1.2/istack-commons-runtime-4.1.2.jar:/Users/thegodfatherjunior/.m2/repository/jakarta/inject/jakarta.inject-api/2.0.1/jakarta.inject-api-2.0.1.jar:/Users/thegodfatherjunior/.m2/repository/org/antlr/antlr4-runtime/4.13.0/antlr4-runtime-4.13.0.jar:/Users/thegodfatherjunior/.m2/repository/org/springframework/data/spring-data-jpa/3.4.4/spring-data-jpa-3.4.4.jar:/Users/thegodfatherjunior/.m2/repository/org/springframework/data/spring-data-commons/3.4.4/spring-data-commons-3.4.4.jar:/Users/thegodfatherjunior/.m2/repository/org/springframework/spring-orm/6.2.5/spring-orm-6.2.5.jar:/Users/thegodfatherjunior/.m2/repository/org/springframework/spring-context/6.2.5/spring-context-6.2.5.jar:/Users/thegodfatherjunior/.m2/repository/org/springframework/spring-tx/6.2.5/spring-tx-6.2.5.jar:/Users/thegodfatherjunior/.m2/repository/org/springframework/spring-beans/6.2.5/spring-beans-6.2.5.jar:/Users/thegodfatherjunior/.m2/repository/org/slf4j/slf4j-api/2.0.17/slf4j-api-2.0.17.jar:/Users/thegodfatherjunior/.m2/repository/org/springframework/spring-aspects/6.2.5/spring-aspects-6.2.5.jar:/Users/thegodfatherjunior/.m2/repository/org/aspectj/aspectjweaver/1.9.23/aspectjweaver-1.9.23.jar:/Users/thegodfatherjunior/.m2/repository/org/springframework/boot/spring-boot-starter-web/3.4.4/spring-boot-starter-web-3.4.4.jar:/Users/thegodfatherjunior/.m2/repository/org/springframework/boot/spring-boot-starter-json/3.4.4/spring-boot-starter-json-3.4.4.jar:/Users/thegodfatherjunior/.m2/repository/com/fasterxml/jackson/datatype/jackson-datatype-jdk8/2.18.3/jackson-datatype-jdk8-2.18.3.jar:/Users/thegodfatherjunior/.m2/repository/com/fasterxml/jackson/datatype/jackson-datatype-jsr310/2.18.3/jackson-datatype-jsr310-2.18.3.jar:/Users/thegodfatherjunior/.m2/repository/com/fasterxml/jackson/module/jackson-module-parameter-names/2.18.3/jackson-module-parameter-names-2.18.3.jar:/Users/thegodfatherjunior/.m2/repository/org/springframework/boot/spring-boot-starter-tomcat/3.4.4/spring-boot-starter-tomcat-3.4.4.jar:/Users/thegodfatherjunior/.m2/repository/org/apache/tomcat/embed/tomcat-embed-core/10.1.39/tomcat-embed-core-10.1.39.jar:/Users/thegodfatherjunior/.m2/repository/org/apache/tomcat/embed/tomcat-embed-el/10.1.39/tomcat-embed-el-10.1.39.jar:/Users/thegodfatherjunior/.m2/repository/org/apache/tomcat/embed/tomcat-embed-websocket/10.1.39/tomcat-embed-websocket-10.1.39.jar:/Users/thegodfatherjunior/.m2/repository/org/springframework/spring-web/6.2.5/spring-web-6.2.5.jar:/Users/thegodfatherjunior/.m2/repository/org/springframework/spring-webmvc/6.2.5/spring-webmvc-6.2.5.jar:/Users/thegodfatherjunior/.m2/repository/org/springframework/spring-expression/6.2.5/spring-expression-6.2.5.jar:/Users/thegodfatherjunior/.m2/repository/org/postgresql/postgresql/42.7.5/postgresql-42.7.5.jar:/Users/thegodfatherjunior/.m2/repository/org/checkerframework/checker-qual/3.48.3/checker-qual-3.48.3.jar:/Users/thegodfatherjunior/.m2/repository/com/h2database/h2/2.3.232/h2-2.3.232.jar:/Users/thegodfatherjunior/.m2/repository/org/projectlombok/lombok/1.18.36/lombok-1.18.36.jar:/Users/thegodfatherjunior/.m2/repository/org/springframework/boot/spring-boot-starter-test/3.4.4/spring-boot-starter-test-3.4.4.jar:/Users/thegodfatherjunior/.m2/repository/org/springframework/boot/spring-boot-test/3.4.4/spring-boot-test-3.4.4.jar:/Users/thegodfatherjunior/.m2/repository/org/springframework/boot/spring-boot-test-autoconfigure/3.4.4/spring-boot-test-autoconfigure-3.4.4.jar:/Users/thegodfatherjunior/.m2/repository/com/jayway/jsonpath/json-path/2.9.0/json-path-2.9.0.jar:/Users/thegodfatherjunior/.m2/repository/jakarta/xml/bind/jakarta.xml.bind-api/4.0.2/jakarta.xml.bind-api-4.0.2.jar:/Users/thegodfatherjunior/.m2/repository/jakarta/activation/jakarta.activation-api/2.1.3/jakarta.activation-api-2.1.3.jar:/Users/thegodfatherjunior/.m2/repository/net/minidev/json-smart/2.5.2/json-smart-2.5.2.jar:/Users/thegodfatherjunior/.m2/repository/net/minidev/accessors-smart/2.5.2/accessors-smart-2.5.2.jar:/Users/thegodfatherjunior/.m2/repository/org/ow2/asm/asm/9.7.1/asm-9.7.1.jar:/Users/thegodfatherjunior/.m2/repository/org/assertj/assertj-core/3.26.3/assertj-core-3.26.3.jar:/Users/thegodfatherjunior/.m2/repository/org/awaitility/awaitility/4.2.2/awaitility-4.2.2.jar:/Users/thegodfatherjunior/.m2/repository/org/hamcrest/hamcrest/2.2/hamcrest-2.2.jar:/Users/thegodfatherjunior/.m2/repository/org/junit/jupiter/junit-jupiter/5.11.4/junit-jupiter-5.11.4.jar:/Users/thegodfatherjunior/.m2/repository/org/junit/jupiter/junit-jupiter-api/5.11.4/junit-jupiter-api-5.11.4.jar:/Users/thegodfatherjunior/.m2/repository/org/opentest4j/opentest4j/1.3.0/opentest4j-1.3.0.jar:/Users/thegodfatherjunior/.m2/repository/org/junit/platform/junit-platform-commons/1.11.4/junit-platform-commons-1.11.4.jar:/Users/thegodfatherjunior/.m2/repository/org/apiguardian/apiguardian-api/1.1.2/apiguardian-api-1.1.2.jar:/Users/thegodfatherjunior/.m2/repository/org/junit/jupiter/junit-jupiter-params/5.11.4/junit-jupiter-params-5.11.4.jar:/Users/thegodfatherjunior/.m2/repository/org/junit/jupiter/junit-jupiter-engine/5.11.4/junit-jupiter-engine-5.11.4.jar:/Users/thegodfatherjunior/.m2/repository/org/junit/platform/junit-platform-engine/1.11.4/junit-platform-engine-1.11.4.jar:/Users/thegodfatherjunior/.m2/repository/org/mockito/mockito-core/5.14.2/mockito-core-5.14.2.jar:/Users/thegodfatherjunior/.m2/repository/net/bytebuddy/byte-buddy-agent/1.15.11/byte-buddy-agent-1.15.11.jar:/Users/thegodfatherjunior/.m2/repository/org/objenesis/objenesis/3.3/objenesis-3.3.jar:/Users/thegodfatherjunior/.m2/repository/org/mockito/mockito-junit-jupiter/5.14.2/mockito-junit-jupiter-5.14.2.jar:/Users/thegodfatherjunior/.m2/repository/org/skyscreamer/jsonassert/1.5.3/jsonassert-1.5.3.jar:/Users/thegodfatherjunior/.m2/repository/com/vaadin/external/google/android-json/0.0.20131108.vaadin1/android-json-0.0.20131108.vaadin1.jar:/Users/thegodfatherjunior/.m2/repository/org/springframework/spring-core/6.2.5/spring-core-6.2.5.jar:/Users/thegodfatherjunior/.m2/repository/org/springframework/spring-jcl/6.2.5/spring-jcl-6.2.5.jar:/Users/thegodfatherjunior/.m2/repository/org/springframework/spring-test/6.2.5/spring-test-6.2.5.jar:/Users/thegodfatherjunior/.m2/repository/org/xmlunit/xmlunit-core/2.10.0/xmlunit-core-2.10.0.jar:/Users/thegodfatherjunior/.m2/repository/com/auth0/java-jwt/4.4.0/java-jwt-4.4.0.jar:/Users/thegodfatherjunior/.m2/repository/com/fasterxml/jackson/core/jackson-databind/2.18.3/jackson-databind-2.18.3.jar:/Users/thegodfatherjunior/.m2/repository/com/fasterxml/jackson/core/jackson-annotations/2.18.3/jackson-annotations-2.18.3.jar:/Users/thegodfatherjunior/.m2/repository/com/fasterxml/jackson/core/jackson-core/2.18.3/jackson-core-2.18.3.jar:/Users/thegodfatherjunior/.m2/repository/org/springframework/boot/spring-boot-starter-actuator/3.4.4/spring-boot-starter-actuator-3.4.4.jar:/Users/thegodfatherjunior/.m2/repository/org/springframework/boot/spring-boot-actuator-autoconfigure/3.4.4/spring-boot-actuator-autoconfigure-3.4.4.jar:/Users/thegodfatherjunior/.m2/repository/org/springframework/boot/spring-boot-actuator/3.4.4/spring-boot-actuator-3.4.4.jar:/Users/thegodfatherjunior/.m2/repository/io/micrometer/micrometer-observation/1.14.5/micrometer-observation-1.14.5.jar:/Users/thegodfatherjunior/.m2/repository/io/micrometer/micrometer-commons/1.14.5/micrometer-commons-1.14.5.jar:/Users/thegodfatherjunior/.m2/repository/io/micrometer/micrometer-jakarta9/1.14.5/micrometer-jakarta9-1.14.5.jar:/Users/thegodfatherjunior/.m2/repository/io/micrometer/micrometer-core/1.14.5/micrometer-core-1.14.5.jar:/Users/thegodfatherjunior/.m2/repository/org/hdrhistogram/HdrHistogram/2.2.2/HdrHistogram-2.2.2.jar:/Users/thegodfatherjunior/.m2/repository/org/latencyutils/LatencyUtils/2.0.3/LatencyUtils-2.0.3.jar:/Users/thegodfatherjunior/.m2/repository/org/springframework/security/spring-security-test/6.4.4/spring-security-test-6.4.4.jar:/Users/thegodfatherjunior/.m2/repository/org/springframework/security/spring-security-core/6.4.4/spring-security-core-6.4.4.jar:/Users/thegodfatherjunior/.m2/repository/org/springframework/security/spring-security-crypto/6.4.4/spring-security-crypto-6.4.4.jar:/Users/thegodfatherjunior/.m2/repository/org/springframework/security/spring-security-web/6.4.4/spring-security-web-6.4.4.jar:/Users/thegodfatherjunior/.m2/repository/org/springframework/boot/spring-boot-starter-security/3.4.4/spring-boot-starter-security-3.4.4.jar:/Users/thegodfatherjunior/.m2/repository/org/springframework/spring-aop/6.2.5/spring-aop-6.2.5.jar:/Users/thegodfatherjunior/.m2/repository/org/springframework/security/spring-security-config/6.4.4/spring-security-config-6.4.4.jar:"/>
    <property name="sun.cpu.endian" value="little"/>
    <property name="user.home" value="/Users/thegodfatherjunior"/>
    <property name="user.language" value="en"/>
    <property name="java.specification.vendor" value="Oracle Corporation"/>
    <property name="java.version.date" value="2025-01-21"/>
    <property name="java.home" value="/Users/thegodfatherjunior/Library/Java/JavaVirtualMachines/corretto-17.0.14/Contents/Home"/>
    <property name="file.separator" value="/"/>
    <property name="basedir" value="/Users/thegodfatherjunior/Documents/GitHub/MoneyManager"/>
    <property name="java.vm.compressedOopsMode" value="Zero based"/>
    <property name="line.separator" value="&#10;"/>
    <property name="java.vm.specification.vendor" value="Oracle Corporation"/>
    <property name="java.specification.name" value="Java Platform API Specification"/>
    <property name="FILE_LOG_CHARSET" value="UTF-8"/>
    <property name="java.awt.headless" value="true"/>
    <property name="surefire.real.class.path" value="/Users/thegodfatherjunior/Documents/GitHub/MoneyManager/target/surefire/surefirebooter-20250507105453753_3.jar"/>
    <property name="sun.management.compiler" value="HotSpot 64-Bit Tiered Compilers"/>
    <property name="ftp.nonProxyHosts" value="local|*.local|169.254/16|*.169.254/16"/>
    <property name="java.runtime.version" value="17.0.14+7-LTS"/>
    <property name="user.name" value="thegodfatherjunior"/>
    <property name="path.separator" value=":"/>
    <property name="os.version" value="15.4.1"/>
    <property name="java.runtime.name" value="OpenJDK Runtime Environment"/>
    <property name="file.encoding" value="UTF-8"/>
    <property name="java.vm.name" value="OpenJDK 64-Bit Server VM"/>
    <property name="java.vendor.version" value="Corretto-17.0.14.7.1"/>
    <property name="localRepository" value="/Users/thegodfatherjunior/.m2/repository"/>
    <property name="java.vendor.url.bug" value="https://github.com/corretto/corretto-17/issues/"/>
    <property name="java.io.tmpdir" value="/var/folders/25/zf53p8c5221f2qcs4pcmqr5r0000gn/T/"/>
    <property name="idea.version" value="2025.1"/>
    <property name="com.zaxxer.hikari.pool_number" value="1"/>
    <property name="java.version" value="17.0.14"/>
    <property name="user.dir" value="/Users/thegodfatherjunior/Documents/GitHub/MoneyManager"/>
    <property name="os.arch" value="aarch64"/>
    <property name="java.vm.specification.name" value="Java Virtual Machine Specification"/>
    <property name="PID" value="52043"/>
    <property name="CONSOLE_LOG_CHARSET" value="UTF-8"/>
    <property name="native.encoding" value="UTF-8"/>
    <property name="java.library.path" value="/Users/thegodfatherjunior/Library/Java/Extensions:/Library/Java/Extensions:/Network/Library/Java/Extensions:/System/Library/Java/Extensions:/usr/lib/java:."/>
    <property name="java.vm.info" value="mixed mode, sharing"/>
    <property name="java.vendor" value="Amazon.com Inc."/>
    <property name="java.vm.version" value="17.0.14+7-LTS"/>
    <property name="java.specification.maintenance.version" value="1"/>
    <property name="sun.io.unicode.encoding" value="UnicodeBig"/>
    <property name="socksNonProxyHosts" value="local|*.local|169.254/16|*.169.254/16"/>
    <property name="java.class.version" value="61.0"/>
    <property name="LOGGED_APPLICATION_NAME" value="[money-manager] "/>
  </properties>
  <testcase name="publicEndpoint" classname="com.demo.config.SecurityConfigTest" time="0.11">
    <system-out><![CDATA[10:54:54.165 [main] INFO org.springframework.test.context.support.AnnotationConfigContextLoaderUtils -- Could not detect default configuration classes for test class [com.demo.config.SecurityConfigTest]: SecurityConfigTest does not declare any static, non-private, non-final, nested classes annotated with @Configuration.
10:54:54.221 [main] INFO org.springframework.boot.test.context.SpringBootTestContextBootstrapper -- Found @SpringBootConfiguration com.demo.MoneyManagerApplication for test class com.demo.config.SecurityConfigTest

  .   ____          _            __ _ _
 /\\ / ___'_ __ _ _(_)_ __  __ _ \ \ \ \
( ( )\___ | '_ | '_| | '_ \/ _` | \ \ \ \
 \\/  ___)| |_)| | | | | || (_| |  ) ) ) )
  '  |____| .__|_| |_|_| |_\__, | / / / /
 =========|_|==============|___/=/_/_/_/

 :: Spring Boot ::                (v3.4.4)

2025-05-07T10:54:54.415-03:00  INFO 52043 --- [money-manager] [           main] com.demo.config.SecurityConfigTest       : Starting SecurityConfigTest using Java 17.0.14 with PID 52043 (started by thegodfatherjunior in /Users/thegodfatherjunior/Documents/GitHub/MoneyManager)
2025-05-07T10:54:54.415-03:00  INFO 52043 --- [money-manager] [           main] com.demo.config.SecurityConfigTest       : The following 1 profile is active: "test"
2025-05-07T10:54:54.843-03:00  INFO 52043 --- [money-manager] [           main] .s.d.r.c.RepositoryConfigurationDelegate : Bootstrapping Spring Data JPA repositories in DEFAULT mode.
2025-05-07T10:54:54.872-03:00  INFO 52043 --- [money-manager] [           main] .s.d.r.c.RepositoryConfigurationDelegate : Finished Spring Data repository scanning in 24 ms. Found 1 JPA repository interface.
2025-05-07T10:54:55.734-03:00  INFO 52043 --- [money-manager] [           main] o.hibernate.jpa.internal.util.LogHelper  : HHH000204: Processing PersistenceUnitInfo [name: default]
2025-05-07T10:54:55.765-03:00  INFO 52043 --- [money-manager] [           main] org.hibernate.Version                    : HHH000412: Hibernate ORM core version 6.6.11.Final
2025-05-07T10:54:55.783-03:00  INFO 52043 --- [money-manager] [           main] o.h.c.internal.RegionFactoryInitiator    : HHH000026: Second-level cache disabled
2025-05-07T10:54:55.852-03:00  INFO 52043 --- [money-manager] [           main] o.s.o.j.p.SpringPersistenceUnitInfo      : No LoadTimeWeaver setup: ignoring JPA class transformer
2025-05-07T10:54:55.867-03:00  INFO 52043 --- [money-manager] [           main] com.zaxxer.hikari.HikariDataSource       : HikariPool-1 - Starting...
2025-05-07T10:54:55.957-03:00  INFO 52043 --- [money-manager] [           main] com.zaxxer.hikari.pool.HikariPool        : HikariPool-1 - Added connection conn0: url=jdbc:h2:mem:testdb user=SA
2025-05-07T10:54:55.958-03:00  INFO 52043 --- [money-manager] [           main] com.zaxxer.hikari.HikariDataSource       : HikariPool-1 - Start completed.
2025-05-07T10:54:55.973-03:00  WARN 52043 --- [money-manager] [           main] org.hibernate.orm.deprecation            : HHH90000025: H2Dialect does not need to be specified explicitly using 'hibernate.dialect' (remove the property setting and it will be selected by default)
2025-05-07T10:54:55.986-03:00  INFO 52043 --- [money-manager] [           main] org.hibernate.orm.connections.pooling    : HHH10001005: Database info:
	Database JDBC URL [Connecting through datasource 'HikariDataSource (HikariPool-1)']
	Database driver: undefined/unknown
	Database version: 2.3.232
	Autocommit mode: undefined/unknown
	Isolation level: undefined/unknown
	Minimum pool size: undefined/unknown
	Maximum pool size: undefined/unknown
Hibernate: create global temporary table HTE_investment(rn_ integer not null, amount float(53), applied_amount float(53), id bigint, user_id bigint, type varchar(255), primary key (rn_)) TRANSACTIONAL
Hibernate: create global temporary table HTE_app_user(rn_ integer not null, id bigint, email varchar(255), name varchar(255), password varchar(255), primary key (rn_)) TRANSACTIONAL
Hibernate: create global temporary table HTE_wallet(rn_ integer not null, id bigint, user_id bigint, name varchar(255), primary key (rn_)) TRANSACTIONAL
Hibernate: create global temporary table HTE_expense(rn_ integer not null, card_id bigint, id bigint, name varchar(255), primary key (rn_)) TRANSACTIONAL
Hibernate: create global temporary table HTE_installment(number integer, rn_ integer not null, amount float(53), expense_id bigint, id bigint, due_date varchar(255), primary key (rn_)) TRANSACTIONAL
Hibernate: create global temporary table HTE_card(amount float(24), max_limit float(24), rn_ integer not null, id bigint, wallet_id bigint, close_day varchar(255), type varchar(255), primary key (rn_)) TRANSACTIONAL
2025-05-07T10:54:56.446-03:00  INFO 52043 --- [money-manager] [           main] o.h.e.t.j.p.i.JtaPlatformInitiator       : HHH000489: No JTA platform available (set 'hibernate.transaction.jta.platform' to enable JTA platform integration)
Hibernate: drop table if exists app_user cascade 
Hibernate: drop table if exists card cascade 
Hibernate: drop table if exists expense cascade 
Hibernate: drop table if exists installment cascade 
Hibernate: drop table if exists investment cascade 
Hibernate: drop table if exists roles cascade 
Hibernate: drop table if exists user_roles cascade 
Hibernate: drop table if exists wallet cascade 
Hibernate: drop sequence if exists app_user_seq
Hibernate: drop sequence if exists card_seq
Hibernate: drop sequence if exists expense_seq
Hibernate: drop sequence if exists installment_seq
Hibernate: drop sequence if exists investment_seq
Hibernate: drop sequence if exists wallet_seq
Hibernate: create sequence app_user_seq start with 1 increment by 50
Hibernate: create sequence card_seq start with 1 increment by 50
Hibernate: create sequence expense_seq start with 1 increment by 50
Hibernate: create sequence installment_seq start with 1 increment by 50
Hibernate: create sequence investment_seq start with 1 increment by 50
Hibernate: create sequence wallet_seq start with 1 increment by 50
Hibernate: create table app_user (id bigint not null, email varchar(255) not null unique, name varchar(255), password varchar(255) not null, primary key (id))
Hibernate: create table card (amount float(24), max_limit float(24), id bigint not null, wallet_id bigint, close_day varchar(255), type varchar(255), primary key (id))
Hibernate: create table expense (card_id bigint, id bigint not null, name varchar(255), primary key (id))
Hibernate: create table installment (amount float(53), number integer, expense_id bigint unique, id bigint not null, due_date varchar(255), primary key (id))
Hibernate: create table investment (amount float(53), applied_amount float(53), id bigint not null, user_id bigint, type varchar(255), primary key (id))
Hibernate: create table roles (id bigint generated by default as identity, name enum ('ROLE_ADMIN','ROLE_USER'), primary key (id))
Hibernate: create table user_roles (app_user_id bigint not null, role_id bigint not null)
Hibernate: create table wallet (id bigint not null, user_id bigint, name varchar(255), primary key (id))
Hibernate: alter table if exists card add constraint FKimankogjrf9gnaj13v65xabqy foreign key (wallet_id) references wallet
Hibernate: alter table if exists expense add constraint FK4jd6b6hrlnu65gbro8y3k8v38 foreign key (card_id) references card
Hibernate: alter table if exists installment add constraint FKohx8kv0qtoykuy7ggv6s2svyr foreign key (expense_id) references expense
Hibernate: alter table if exists investment add constraint FKtbvytpv5pc3mpkw9wdvmih2yc foreign key (user_id) references app_user
Hibernate: alter table if exists user_roles add constraint FKh8ciramu9cc9q3qcqiv4ue8a6 foreign key (role_id) references roles
Hibernate: alter table if exists user_roles add constraint FKq0a2ff2ouxxlo7sd6iimtusi4 foreign key (app_user_id) references app_user
Hibernate: alter table if exists wallet add constraint FK8xcge928o78vtbh64bddusygy foreign key (user_id) references app_user
2025-05-07T10:54:56.478-03:00  INFO 52043 --- [money-manager] [           main] j.LocalContainerEntityManagerFactoryBean : Initialized JPA EntityManagerFactory for persistence unit 'default'
2025-05-07T10:54:56.521-03:00  INFO 52043 --- [money-manager] [           main] r$InitializeUserDetailsManagerConfigurer : Global AuthenticationManager configured with UserDetailsService bean with name userDetailsImpl.UserDetailsServiceImpl
2025-05-07T10:54:56.905-03:00  INFO 52043 --- [money-manager] [           main] o.s.b.a.e.web.EndpointLinksResolver      : Exposing 1 endpoint beneath base path '/actuator'
2025-05-07T10:54:56.938-03:00  WARN 52043 --- [money-manager] [           main] thorizationManagerRequestMatcherRegistry : One of the patterns in [user/getAll] is missing a leading slash. This is discouraged; please include the leading slash in all your request matcher patterns. In future versions of Spring Security, leaving out the leading slash will result in an exception.
2025-05-07T10:54:57.225-03:00  INFO 52043 --- [money-manager] [           main] o.s.b.a.h2.H2ConsoleAutoConfiguration    : H2 console available at '/h2-console'. Database available at 'jdbc:h2:mem:testdb'
2025-05-07T10:54:57.265-03:00  INFO 52043 --- [money-manager] [           main] o.s.b.t.m.w.SpringBootMockServletContext : Initializing Spring TestDispatcherServlet ''
2025-05-07T10:54:57.266-03:00  INFO 52043 --- [money-manager] [           main] o.s.t.web.servlet.TestDispatcherServlet  : Initializing Servlet ''
2025-05-07T10:54:57.266-03:00  INFO 52043 --- [money-manager] [           main] o.s.t.web.servlet.TestDispatcherServlet  : Completed initialization in 0 ms
2025-05-07T10:54:57.317-03:00  INFO 52043 --- [money-manager] [           main] com.demo.config.SecurityConfigTest       : Started SecurityConfigTest in 3.035 seconds (process running for 3.518)
]]></system-out>
  </testcase>
  <testcase name="privateEndpointAndAuthorized" classname="com.demo.config.SecurityConfigTest" time="0.018"/>
  <testcase name="privateEndpointAndNoAuthorization" classname="com.demo.config.SecurityConfigTest" time="0.004"/>
</testsuite>